[2021-05-05T10:09:37,729][INFO ][logstash.runner          ] Log4j configuration path used is: /home/user/Documentos/reto8_VM/arquitectura_bd/logstash-7.12.0/config/log4j2.properties
[2021-05-05T10:09:37,866][INFO ][logstash.runner          ] Starting Logstash {"logstash.version"=>"7.12.0", "jruby.version"=>"jruby 9.2.13.0 (2.5.7) 2020-08-03 9a89c94bcc OpenJDK 64-Bit Server VM 11.0.10+9 on 11.0.10+9 +indy +jit [linux-x86_64]"}
[2021-05-05T10:09:39,430][WARN ][logstash.config.source.multilocal] Ignoring the 'pipelines.yml' file because modules or command line options are specified
[2021-05-05T10:09:42,698][INFO ][logstash.agent           ] Successfully started Logstash API endpoint {:port=>9600}
[2021-05-05T10:09:46,734][INFO ][org.reflections.Reflections] Reflections took 256 ms to scan 1 urls, producing 23 keys and 47 values 
[2021-05-05T10:09:51,311][INFO ][logstash.outputs.elasticsearch][main] Elasticsearch pool URLs updated {:changes=>{:removed=>[], :added=>[http://localhost:9200/]}}
[2021-05-05T10:09:52,331][WARN ][logstash.outputs.elasticsearch][main] Restored connection to ES instance {:url=>"http://localhost:9200/"}
[2021-05-05T10:09:52,616][INFO ][logstash.outputs.elasticsearch][main] ES Output version determined {:es_version=>7}
[2021-05-05T10:09:52,624][WARN ][logstash.outputs.elasticsearch][main] Detected a 6.x and above cluster: the `type` event field won't be used to determine the document _type {:es_version=>7}
[2021-05-05T10:09:53,164][INFO ][logstash.outputs.elasticsearch][main] New Elasticsearch output {:class=>"LogStash::Outputs::ElasticSearch", :hosts=>["http://localhost:9200"]}
[2021-05-05T10:09:53,516][INFO ][logstash.outputs.elasticsearch][main] Using a default mapping template {:es_version=>7, :ecs_compatibility=>:disabled}
[2021-05-05T10:09:53,905][INFO ][logstash.javapipeline    ][main] Starting pipeline {:pipeline_id=>"main", "pipeline.workers"=>1, "pipeline.batch.size"=>125, "pipeline.batch.delay"=>50, "pipeline.max_inflight"=>125, "pipeline.sources"=>["/home/user/Documentos/reto8_VM/arquitectura_bd/logstash-7.12.0/config/csv-read.conf"], :thread=>"#<Thread:0x71f5d978 run>"}
[2021-05-05T10:09:53,906][INFO ][logstash.outputs.elasticsearch][main] Attempting to install template {:manage_template=>{"index_patterns"=>"logstash-*", "version"=>60001, "settings"=>{"index.refresh_interval"=>"5s", "number_of_shards"=>1}, "mappings"=>{"dynamic_templates"=>[{"message_field"=>{"path_match"=>"message", "match_mapping_type"=>"string", "mapping"=>{"type"=>"text", "norms"=>false}}}, {"string_fields"=>{"match"=>"*", "match_mapping_type"=>"string", "mapping"=>{"type"=>"text", "norms"=>false, "fields"=>{"keyword"=>{"type"=>"keyword", "ignore_above"=>256}}}}}], "properties"=>{"@timestamp"=>{"type"=>"date"}, "@version"=>{"type"=>"keyword"}, "geoip"=>{"dynamic"=>true, "properties"=>{"ip"=>{"type"=>"ip"}, "location"=>{"type"=>"geo_point"}, "latitude"=>{"type"=>"half_float"}, "longitude"=>{"type"=>"half_float"}}}}}}}
[2021-05-05T10:09:57,759][INFO ][logstash.javapipeline    ][main] Pipeline Java execution initialization time {"seconds"=>3.84}
[2021-05-05T10:09:58,662][INFO ][logstash.javapipeline    ][main] Pipeline started {"pipeline.id"=>"main"}
[2021-05-05T10:09:59,208][INFO ][filewatch.observingtail  ][main][589cf06af8f4bc2504f8e88cf58a87c823ad7b27f6a4db8c91cbb9d74751d7e7] START, creating Discoverer, Watch with file and sincedb collections
[2021-05-05T10:09:59,202][INFO ][logstash.agent           ] Pipelines running {:count=>1, :running_pipelines=>[:main], :non_running_pipelines=>[]}
[2021-05-05T10:34:43,994][WARN ][logstash.outputs.elasticsearch][main][3ab19a5758bd12ffe2d741ec9c9acf96fec7ef86471855298f4327cdd012cef1] Marking url as dead. Last error: [LogStash::Outputs::ElasticSearch::HttpClient::Pool::HostUnreachableError] Elasticsearch Unreachable: [http://localhost:9200/][Manticore::ClientProtocolException] localhost:9200 failed to respond {:url=>http://localhost:9200/, :error_message=>"Elasticsearch Unreachable: [http://localhost:9200/][Manticore::ClientProtocolException] localhost:9200 failed to respond", :error_class=>"LogStash::Outputs::ElasticSearch::HttpClient::Pool::HostUnreachableError"}
[2021-05-05T10:34:44,025][ERROR][logstash.outputs.elasticsearch][main][3ab19a5758bd12ffe2d741ec9c9acf96fec7ef86471855298f4327cdd012cef1] Attempted to send a bulk request to elasticsearch' but Elasticsearch appears to be unreachable or down! {:error_message=>"Elasticsearch Unreachable: [http://localhost:9200/][Manticore::ClientProtocolException] localhost:9200 failed to respond", :class=>"LogStash::Outputs::ElasticSearch::HttpClient::Pool::HostUnreachableError", :will_retry_in_seconds=>2}
[2021-05-05T10:34:44,660][WARN ][logstash.outputs.elasticsearch][main] Attempted to resurrect connection to dead ES instance, but got an error. {:url=>"http://localhost:9200/", :error_type=>LogStash::Outputs::ElasticSearch::HttpClient::Pool::HostUnreachableError, :error=>"Elasticsearch Unreachable: [http://localhost:9200/][Manticore::SocketException] Conexión rehusada (Connection refused)"}
[2021-05-05T10:34:44,737][WARN ][logstash.runner          ] SIGINT received. Shutting down.
[2021-05-05T10:34:45,127][INFO ][filewatch.observingtail  ] QUIT - closing all files and shutting down.
[2021-05-05T10:34:45,285][FATAL][logstash.runner          ] SIGINT received. Terminating immediately..
[2021-05-05T10:34:45,615][FATAL][org.logstash.Logstash    ] 
org.jruby.exceptions.ThreadKill: null
